listening
buffer is 0x020.txt
size is 4 which is 0, counter : 1
0 0 0 0 
size is 4 which is 0, counter : 2
0 0 0 0 
size is 4 which is 0, counter : 3
0 0 0 0 
size is 4 which is 0, counter : 4
0 0 0 0 
size is 4 which is 0, counter : 5
0 0 0 0 
size is 4 which is 0, counter : 6
0 0 0 0 
size is 4 which is 0, counter : 7
0 0 0 0 
size is 4 which is 0, counter : 8
0 0 0 0 
size is 4 which is 0, counter : 9
0 0 0 0 
size is 4 which is 0, counter : 10
0 0 0 0 
size is 4 which is 0, counter : 11
0 0 0 0 
size is 4 which is 0, counter : 12
0 0 0 0 
size is 4 which is 0, counter : 13
0 0 0 0 
size is 4 which is 0, counter : 14
0 0 0 0 
size is 4 which is 0, counter : 15
0 0 0 0 
size is 4 which is 0, counter : 16
0 0 0 0 
size is 4 which is 0, counter : 17
0 0 0 0 
size is 4 which is 0, counter : 18
0 0 0 0 
size is 4 which is 0, counter : 19
0 0 0 0 
size is 4 which is 0, counter : 20
0 0 0 0 
size is 4 which is 0, counter : 21
0 0 0 0 
size is 4 which is 0, counter : 22
0 0 0 0 
size is 4 which is 0, counter : 23
0 0 0 0 
size is 4 which is 0, counter : 24
0 0 0 0 
size is 4 which is 0, counter : 25
0 0 0 0 
size is 4 which is 0, counter : 26
0 0 0 0 
size is 4 which is 0, counter : 27
0 0 0 0 
size is 4 which is 0, counter : 28
0 0 0 0 
size is 4 which is 0, counter : 29
0 0 0 0 
size is 4 which is 0, counter : 30
0 0 0 0 
size is 4 which is 0, counter : 31
0 0 0 0 
size is 4 which is 0, counter : 32
0 0 0 0 
size is 4 which is 0, counter : 33
0 0 0 0 
size is 4 which is 0, counter : 34
0 0 0 0 
size is 4 which is 0, counter : 35
0 0 0 0 
size is 4 which is 0, counter : 36
0 0 0 0 
size is 4 which is 0, counter : 37
0 0 0 0 
size is 4 which is 0, counter : 38
0 0 0 0 
size is 4 which is 0, counter : 39
0 0 0 0 
size is 4 which is 0, counter : 40
0 0 0 0 
size is 4 which is 0, counter : 41
0 0 0 0 
size is 4 which is 0, counter : 42
0 0 0 0 
size is 4 which is 0, counter : 43
0 0 0 0 
size is 4 which is 0, counter : 44
0 0 0 0 
size is 4 which is 0, counter : 45
0 0 0 0 
size is 4 which is 0, counter : 46
0 0 0 0 
size is 4 which is 0, counter : 47
0 0 0 0 
size is 4 which is 0, counter : 48
0 0 0 0 
size is 4 which is 0, counter : 49
0 0 0 0 
size is 4 which is 0, counter : 50
0 0 0 0 
size is 4 which is 0, counter : 51
0 0 0 0 
size is 4 which is 0, counter : 52
0 0 0 0 
size is 4 which is 0, counter : 53
0 0 0 0 
size is 4 which is 0, counter : 54
0 0 0 0 
size is 4 which is 0, counter : 55
0 0 0 0 
size is 4 which is 0, counter : 56
0 0 0 0 
size is 4 which is 0, counter : 57
0 0 0 0 
size is 4 which is 0, counter : 58
0 0 0 0 
size is 4 which is 0, counter : 59
0 0 0 0 
size is 4 which is 0, counter : 60
0 0 0 0 
size is 4 which is 0, counter : 61
0 0 0 0 
size is 4 which is 0, counter : 62
0 0 0 0 
size is 4 which is 0, counter : 63
0 0 0 0 
size is 4 which is 0, counter : 64
0 0 0 0 
size is 4 which is 0, counter : 65
0 0 0 0 
size is 4 which is 0, counter : 66
0 0 0 0 
size is 4 which is 0, counter : 67
0 0 0 0 
size is 4 which is 0, counter : 68
0 0 0 0 
size is 4 which is 0, counter : 69
0 0 0 0 
size is 4 which is 0, counter : 70
0 0 0 0 
size is 4 which is 0, counter : 71
0 0 0 0 
size is 4 which is 0, counter : 72
0 0 0 0 
size is 4 which is 0, counter : 73
0 0 0 0 
size is 4 which is 0, counter : 74
0 0 0 0 
size is 4 which is 0, counter : 75
0 0 0 0 
size is 4 which is 0, counter : 76
0 0 0 0 
size is 4 which is 0, counter : 77
0 0 0 0 
size is 4 which is 0, counter : 78
0 0 0 0 
size is 4 which is 0, counter : 79
0 0 0 0 
size is 4 which is 0, counter : 80
0 0 0 0 
size is 4 which is 0, counter : 81
0 0 0 0 
size is 4 which is 0, counter : 82
0 0 0 0 
size is 4 which is 0, counter : 83
0 0 0 0 
size is 4 which is 0, counter : 84
0 0 0 0 
size is 4 which is 0, counter : 85
0 0 0 0 
size is 4 which is 0, counter : 86
0 0 0 0 
size is 4 which is 0, counter : 87
0 0 0 0 
size is 4 which is 0, counter : 88
0 0 0 0 
size is 4 which is 0, counter : 89
0 0 0 0 
size is 4 which is 0, counter : 90
0 0 0 0 
size is 4 which is 0, counter : 91
0 0 0 0 
size is 4 which is 0, counter : 92
0 0 0 0 
size is 4 which is 0, counter : 93
0 0 0 0 
size is 4 which is 0, counter : 94
0 0 0 0 
size is 4 which is 0, counter : 95
0 0 0 0 
size is 4 which is 0, counter : 96
0 0 0 0 
size is 4 which is 0, counter : 97
0 0 0 0 
size is 4 which is 0, counter : 98
0 0 0 0 
size is 4 which is 0, counter : 99
0 0 0 0 
size is 4 which is 0, counter : 100
0 0 0 0 
size is 4 which is 0, counter : 101
0 0 0 0 
size is 4 which is 0, counter : 102
0 0 0 0 
size is 4 which is 0, counter : 103
0 0 0 0 
size is 4 which is 0, counter : 104
0 0 0 0 
size is 4 which is 0, counter : 105
0 0 0 0 
size is 4 which is 0, counter : 106
0 0 0 0 
size is 4 which is 0, counter : 107
0 0 0 0 
size is 4 which is 0, counter : 108
0 0 0 0 
size is 4 which is 0, counter : 109
0 0 0 0 
size is 4 which is 0, counter : 110
0 0 0 0 
size is 4 which is 0, counter : 111
0 0 0 0 
size is 4 which is 0, counter : 112
0 0 0 0 
size is 4 which is 0, counter : 113
0 0 0 0 
size is 4 which is 0, counter : 114
0 0 0 0 
size is 4 which is 0, counter : 115
0 0 0 0 
size is 4 which is 0, counter : 116
0 0 0 0 
size is 4 which is 0, counter : 117
0 0 0 0 
size is 4 which is 0, counter : 118
0 0 0 0 
size is 4 which is 0, counter : 119
0 0 0 0 
size is 4 which is 0, counter : 120
0 0 0 0 
size is 4 which is 0, counter : 121
0 0 0 0 
size is 4 which is 0, counter : 122
0 0 0 0 
size is 4 which is 0, counter : 123
0 0 0 0 
size is 4 which is 0, counter : 124
0 0 0 0 
size is 4 which is 0, counter : 125
0 0 0 0 
size is 4 which is 0, counter : 126
0 0 0 0 
size is 4 which is 0, counter : 127
0 0 0 0 
size is 4 which is 0, counter : 128
0 0 0 0 
size is 4 which is 0, counter : 129
0 0 0 0 
size is 4 which is 0, counter : 130
0 0 0 0 
size is 4 which is 0, counter : 131
0 0 0 0 
size is 4 which is 12, counter : 132
0 0 0 c 
Data: hello world

buffer is 0x027.txt
filename: 0.txt
content: hello world

md5: 6f5902ac237024bdd0c176cb93063dc4

size is 4 which is 0, counter : 1
0 0 0 0 
size is 4 which is 0, counter : 2
0 0 0 0 
size is 4 which is 0, counter : 3
0 0 0 0 
size is 4 which is 0, counter : 4
0 0 0 0 
size is 4 which is 0, counter : 5
0 0 0 0 
size is 4 which is 0, counter : 6
0 0 0 0 
size is 4 which is 0, counter : 7
0 0 0 0 
size is 4 which is 0, counter : 8
0 0 0 0 
size is 4 which is 0, counter : 9
0 0 0 0 
size is 4 which is 0, counter : 10
0 0 0 0 
size is 4 which is 0, counter : 11
0 0 0 0 
size is 4 which is 0, counter : 12
0 0 0 0 
size is 4 which is 0, counter : 13
0 0 0 0 
size is 4 which is 0, counter : 14
0 0 0 0 
size is 4 which is 0, counter : 15
0 0 0 0 
size is 4 which is 0, counter : 16
0 0 0 0 
size is 4 which is 0, counter : 17
0 0 0 0 
size is 4 which is 0, counter : 18
0 0 0 0 
size is 4 which is 0, counter : 19
0 0 0 0 
size is 4 which is 0, counter : 20
0 0 0 0 
size is 4 which is 0, counter : 21
0 0 0 0 
size is 4 which is 0, counter : 22
0 0 0 0 
size is 4 which is 0, counter : 23
0 0 0 0 
size is 4 which is 0, counter : 24
0 0 0 0 
size is 4 which is 0, counter : 25
0 0 0 0 
size is 4 which is 0, counter : 26
0 0 0 0 
size is 4 which is 0, counter : 27
0 0 0 0 
size is 4 which is 0, counter : 28
0 0 0 0 
size is 4 which is 0, counter : 29
0 0 0 0 
size is 4 which is 0, counter : 30
0 0 0 0 
size is 4 which is 0, counter : 31
0 0 0 0 
size is 4 which is 0, counter : 32
0 0 0 0 
size is 4 which is 0, counter : 33
0 0 0 0 
size is 4 which is 0, counter : 34
0 0 0 0 
size is 4 which is 0, counter : 35
0 0 0 0 
size is 4 which is 0, counter : 36
0 0 0 0 
size is 4 which is 0, counter : 37
0 0 0 0 
size is 4 which is 0, counter : 38
0 0 0 0 
size is 4 which is 0, counter : 39
0 0 0 0 
size is 4 which is 0, counter : 40
0 0 0 0 
size is 4 which is 0, counter : 41
0 0 0 0 
size is 4 which is 0, counter : 42
0 0 0 0 
size is 4 which is 0, counter : 43
0 0 0 0 
size is 4 which is 0, counter : 44
0 0 0 0 
size is 4 which is 0, counter : 45
0 0 0 0 
size is 4 which is 0, counter : 46
0 0 0 0 
size is 4 which is 0, counter : 47
0 0 0 0 
size is 4 which is 0, counter : 48
0 0 0 0 
size is 4 which is 0, counter : 49
0 0 0 0 
size is 4 which is 0, counter : 50
0 0 0 0 
size is 4 which is 0, counter : 51
0 0 0 0 
size is 4 which is 0, counter : 52
0 0 0 0 
size is 4 which is 0, counter : 53
0 0 0 0 
size is 4 which is 0, counter : 54
0 0 0 0 
size is 4 which is 0, counter : 55
0 0 0 0 
size is 4 which is 0, counter : 56
0 0 0 0 
size is 4 which is 0, counter : 57
0 0 0 0 
size is 4 which is 0, counter : 58
0 0 0 0 
size is 4 which is 0, counter : 59
0 0 0 0 
size is 4 which is 0, counter : 60
0 0 0 0 
size is 4 which is 0, counter : 61
0 0 0 0 
size is 4 which is 0, counter : 62
0 0 0 0 
size is 4 which is 0, counter : 63
0 0 0 0 
size is 4 which is 0, counter : 64
0 0 0 0 
size is 4 which is 0, counter : 65
0 0 0 0 
size is 4 which is 0, counter : 66
0 0 0 0 
size is 4 which is 0, counter : 67
0 0 0 0 
size is 4 which is 0, counter : 68
0 0 0 0 
size is 4 which is 0, counter : 69
0 0 0 0 
size is 4 which is 0, counter : 70
0 0 0 0 
size is 4 which is 0, counter : 71
0 0 0 0 
size is 4 which is 0, counter : 72
0 0 0 0 
size is 4 which is 0, counter : 73
0 0 0 0 
size is 4 which is 0, counter : 74
0 0 0 0 
size is 4 which is 0, counter : 75
0 0 0 0 
size is 4 which is 0, counter : 76
0 0 0 0 
size is 4 which is 0, counter : 77
0 0 0 0 
size is 4 which is 0, counter : 78
0 0 0 0 
size is 4 which is 0, counter : 79
0 0 0 0 
size is 4 which is 0, counter : 80
0 0 0 0 
size is 4 which is 0, counter : 81
0 0 0 0 
size is 4 which is 0, counter : 82
0 0 0 0 
size is 4 which is 0, counter : 83
0 0 0 0 
size is 4 which is 0, counter : 84
0 0 0 0 
size is 4 which is 0, counter : 85
0 0 0 0 
size is 4 which is 0, counter : 86
0 0 0 0 
size is 4 which is 0, counter : 87
0 0 0 0 
size is 4 which is 0, counter : 88
0 0 0 0 
size is 4 which is 0, counter : 89
0 0 0 0 
size is 4 which is 0, counter : 90
0 0 0 0 
size is 4 which is 0, counter : 91
0 0 0 0 
size is 4 which is 0, counter : 92
0 0 0 0 
size is 4 which is 0, counter : 93
0 0 0 0 
size is 4 which is 0, counter : 94
0 0 0 0 
size is 4 which is 0, counter : 95
0 0 0 0 
size is 4 which is 0, counter : 96
0 0 0 0 
size is 4 which is 0, counter : 97
0 0 0 0 
size is 4 which is 0, counter : 98
0 0 0 0 
size is 4 which is 0, counter : 99
0 0 0 0 
size is 4 which is 0, counter : 100
0 0 0 0 
size is 4 which is 0, counter : 101
0 0 0 0 
size is 4 which is 0, counter : 102
0 0 0 0 
size is 4 which is 0, counter : 103
0 0 0 0 
size is 4 which is 0, counter : 104
0 0 0 0 
size is 4 which is 0, counter : 105
0 0 0 0 
size is 4 which is 0, counter : 106
0 0 0 0 
size is 4 which is 0, counter : 107
0 0 0 0 
size is 4 which is 0, counter : 108
0 0 0 0 
size is 4 which is 0, counter : 109
0 0 0 0 
size is 4 which is 0, counter : 110
0 0 0 0 
size is 4 which is 0, counter : 111
0 0 0 0 
size is 4 which is 0, counter : 112
0 0 0 0 
size is 4 which is 0, counter : 113
0 0 0 0 
size is 4 which is 0, counter : 114
0 0 0 0 
size is 4 which is 0, counter : 115
0 0 0 0 
size is 4 which is 0, counter : 116
0 0 0 0 
size is 4 which is 0, counter : 117
0 0 0 0 
size is 4 which is 0, counter : 118
0 0 0 0 
size is 4 which is 0, counter : 119
0 0 0 0 
size is 4 which is 0, counter : 120
0 0 0 0 
size is 4 which is 0, counter : 121
0 0 0 0 
size is 4 which is 0, counter : 122
0 0 0 0 
size is 4 which is 0, counter : 123
0 0 0 0 
size is 4 which is 0, counter : 124
0 0 0 0 
size is 4 which is 0, counter : 125
0 0 0 0 
size is 4 which is 0, counter : 126
0 0 0 0 
size is 4 which is 0, counter : 127
0 0 0 0 
size is 4 which is 0, counter : 128
0 0 0 0 
size is 4 which is 0, counter : 129
0 0 0 0 
size is 4 which is 0, counter : 130
0 0 0 0 
size is 4 which is 0, counter : 131
0 0 0 0 
size is 4 which is 41, counter : 132
0 0 0 29 
Data: hhhhhhhhhhhhhhhhhhhhhhhhhhhhhhhhhhhhhhhh

buffer is 0x00
buffer is 
buffer is 
buffer is 0x021.txt
filename: 0.txt
content: hello world

md5: 6f5902ac237024bdd0c176cb93063dc4

filename: 7.txt
content: hhhhhhhhhhhhhhhhhhhhhhhhhhhhhhhhhhhhhhhh

md5: 6cc5a741578a6e882ddce1ea7e2ca246

size is 4 which is 0, counter : 1
0 0 0 0 
size is 4 which is 0, counter : 2
0 0 0 0 
size is 4 which is 0, counter : 3
0 0 0 0 
size is 4 which is 0, counter : 4
0 0 0 0 
size is 4 which is 0, counter : 5
0 0 0 0 
size is 4 which is 0, counter : 6
0 0 0 0 
size is 4 which is 0, counter : 7
0 0 0 0 
size is 4 which is 0, counter : 8
0 0 0 0 
size is 4 which is 0, counter : 9
0 0 0 0 
size is 4 which is 0, counter : 10
0 0 0 0 
size is 4 which is 0, counter : 11
0 0 0 0 
size is 4 which is 0, counter : 12
0 0 0 0 
size is 4 which is 0, counter : 13
0 0 0 0 
size is 4 which is 0, counter : 14
0 0 0 0 
size is 4 which is 0, counter : 15
0 0 0 0 
size is 4 which is 0, counter : 16
0 0 0 0 
size is 4 which is 0, counter : 17
0 0 0 0 
size is 4 which is 0, counter : 18
0 0 0 0 
size is 4 which is 0, counter : 19
0 0 0 0 
size is 4 which is 0, counter : 20
0 0 0 0 
size is 4 which is 0, counter : 21
0 0 0 0 
size is 4 which is 0, counter : 22
0 0 0 0 
size is 4 which is 0, counter : 23
0 0 0 0 
size is 4 which is 0, counter : 24
0 0 0 0 
size is 4 which is 0, counter : 25
0 0 0 0 
size is 4 which is 0, counter : 26
0 0 0 0 
size is 4 which is 0, counter : 27
0 0 0 0 
size is 4 which is 0, counter : 28
0 0 0 0 
size is 4 which is 0, counter : 29
0 0 0 0 
size is 4 which is 0, counter : 30
0 0 0 0 
size is 4 which is 0, counter : 31
0 0 0 0 
size is 4 which is 0, counter : 32
0 0 0 0 
size is 4 which is 0, counter : 33
0 0 0 0 
size is 4 which is 0, counter : 34
0 0 0 0 
size is 4 which is 0, counter : 35
0 0 0 0 
size is 4 which is 0, counter : 36
0 0 0 0 
size is 4 which is 0, counter : 37
0 0 0 0 
size is 4 which is 0, counter : 38
0 0 0 0 
size is 4 which is 0, counter : 39
0 0 0 0 
size is 4 which is 0, counter : 40
0 0 0 0 
size is 4 which is 0, counter : 41
0 0 0 0 
size is 4 which is 0, counter : 42
0 0 0 0 
size is 4 which is 0, counter : 43
0 0 0 0 
size is 4 which is 0, counter : 44
0 0 0 0 
size is 4 which is 0, counter : 45
0 0 0 0 
size is 4 which is 0, counter : 46
0 0 0 0 
size is 4 which is 0, counter : 47
0 0 0 0 
size is 4 which is 0, counter : 48
0 0 0 0 
size is 4 which is 0, counter : 49
0 0 0 0 
size is 4 which is 0, counter : 50
0 0 0 0 
size is 4 which is 0, counter : 51
0 0 0 0 
size is 4 which is 0, counter : 52
0 0 0 0 
size is 4 which is 0, counter : 53
0 0 0 0 
size is 4 which is 0, counter : 54
0 0 0 0 
size is 4 which is 0, counter : 55
0 0 0 0 
size is 4 which is 0, counter : 56
0 0 0 0 
size is 4 which is 0, counter : 57
0 0 0 0 
size is 4 which is 0, counter : 58
0 0 0 0 
size is 4 which is 0, counter : 59
0 0 0 0 
size is 4 which is 0, counter : 60
0 0 0 0 
size is 4 which is 0, counter : 61
0 0 0 0 
size is 4 which is 0, counter : 62
0 0 0 0 
size is 4 which is 0, counter : 63
0 0 0 0 
size is 4 which is 0, counter : 64
0 0 0 0 
size is 4 which is 0, counter : 65
0 0 0 0 
size is 4 which is 0, counter : 66
0 0 0 0 
size is 4 which is 0, counter : 67
0 0 0 0 
size is 4 which is 0, counter : 68
0 0 0 0 
size is 4 which is 0, counter : 69
0 0 0 0 
size is 4 which is 0, counter : 70
0 0 0 0 
size is 4 which is 0, counter : 71
0 0 0 0 
size is 4 which is 0, counter : 72
0 0 0 0 
size is 4 which is 0, counter : 73
0 0 0 0 
size is 4 which is 0, counter : 74
0 0 0 0 
size is 4 which is 0, counter : 75
0 0 0 0 
size is 4 which is 0, counter : 76
0 0 0 0 
size is 4 which is 0, counter : 77
0 0 0 0 
size is 4 which is 0, counter : 78
0 0 0 0 
size is 4 which is 0, counter : 79
0 0 0 0 
size is 4 which is 0, counter : 80
0 0 0 0 
size is 4 which is 0, counter : 81
0 0 0 0 
size is 4 which is 0, counter : 82
0 0 0 0 
size is 4 which is 0, counter : 83
0 0 0 0 
size is 4 which is 0, counter : 84
0 0 0 0 
size is 4 which is 0, counter : 85
0 0 0 0 
size is 4 which is 0, counter : 86
0 0 0 0 
size is 4 which is 0, counter : 87
0 0 0 0 
size is 4 which is 0, counter : 88
0 0 0 0 
size is 4 which is 0, counter : 89
0 0 0 0 
size is 4 which is 0, counter : 90
0 0 0 0 
size is 4 which is 0, counter : 91
0 0 0 0 
size is 4 which is 0, counter : 92
0 0 0 0 
size is 4 which is 0, counter : 93
0 0 0 0 
size is 4 which is 0, counter : 94
0 0 0 0 
size is 4 which is 0, counter : 95
0 0 0 0 
size is 4 which is 0, counter : 96
0 0 0 0 
size is 4 which is 0, counter : 97
0 0 0 0 
size is 4 which is 0, counter : 98
0 0 0 0 
size is 4 which is 0, counter : 99
0 0 0 0 
size is 4 which is 0, counter : 100
0 0 0 0 
size is 4 which is 0, counter : 101
0 0 0 0 
size is 4 which is 0, counter : 102
0 0 0 0 
size is 4 which is 0, counter : 103
0 0 0 0 
size is 4 which is 0, counter : 104
0 0 0 0 
size is 4 which is 0, counter : 105
0 0 0 0 
size is 4 which is 0, counter : 106
0 0 0 0 
size is 4 which is 0, counter : 107
0 0 0 0 
size is 4 which is 0, counter : 108
0 0 0 0 
size is 4 which is 0, counter : 109
0 0 0 0 
size is 4 which is 0, counter : 110
0 0 0 0 
size is 4 which is 0, counter : 111
0 0 0 0 
size is 4 which is 0, counter : 112
0 0 0 0 
size is 4 which is 0, counter : 113
0 0 0 0 
size is 4 which is 0, counter : 114
0 0 0 0 
size is 4 which is 0, counter : 115
0 0 0 0 
size is 4 which is 0, counter : 116
0 0 0 0 
size is 4 which is 0, counter : 117
0 0 0 0 
size is 4 which is 0, counter : 118
0 0 0 0 
size is 4 which is 0, counter : 119
0 0 0 0 
size is 4 which is 0, counter : 120
0 0 0 0 
size is 4 which is 0, counter : 121
0 0 0 0 
size is 4 which is 0, counter : 122
0 0 0 0 
size is 4 which is 0, counter : 123
0 0 0 0 
size is 4 which is 0, counter : 124
0 0 0 0 
size is 4 which is 0, counter : 125
0 0 0 0 
size is 4 which is 0, counter : 126
0 0 0 0 
size is 4 which is 0, counter : 127
0 0 0 0 
size is 4 which is 0, counter : 128
0 0 0 0 
size is 4 which is 0, counter : 129
0 0 0 0 
size is 4 which is 0, counter : 130
0 0 0 0 
size is 4 which is 0, counter : 131
0 0 0 0 
size is 4 which is 837, counter : 132
0 0 3 45 
Data: Fair use and fair dealing laws provide that certain uses of copyrighted material are not infringing, even if they are done without the permission of the copyright holder. Fair use laws favor uses that transform the meaning or purpose of an underlying work, that are distributed noncommercially, that use limited amounts of the underlying work, and that do not compete with the underlying work in the market. Fair dealing laws also favor transformative uses such as parody, commentary, criticism, and noncommercial user-generated content. The OTW stands for the proposition that transformative, noncommercial fanworks are fair use. OTW’s Legal advocacy project works to make sure that stays true, and to make sure that governments around the world recognize the value of fair use and fair dealing in making and interpreting their laws.

buffer is 0x00
buffer is 
buffer is 
buffer is 0x08
listening
buffer is 0x021.txt
size is 4 which is 0, counter : 1
0 0 0 0 
size is 4 which is 0, counter : 2
0 0 0 0 
size is 4 which is 0, counter : 3
0 0 0 0 
size is 4 which is 0, counter : 4
0 0 0 0 
size is 4 which is 0, counter : 5
0 0 0 0 
size is 4 which is 0, counter : 6
0 0 0 0 
size is 4 which is 0, counter : 7
0 0 0 0 
size is 4 which is 0, counter : 8
0 0 0 0 
size is 4 which is 0, counter : 9
0 0 0 0 
size is 4 which is 0, counter : 10
0 0 0 0 
size is 4 which is 0, counter : 11
0 0 0 0 
size is 4 which is 0, counter : 12
0 0 0 0 
size is 4 which is 0, counter : 13
0 0 0 0 
size is 4 which is 0, counter : 14
0 0 0 0 
size is 4 which is 0, counter : 15
0 0 0 0 
size is 4 which is 0, counter : 16
0 0 0 0 
size is 4 which is 0, counter : 17
0 0 0 0 
size is 4 which is 0, counter : 18
0 0 0 0 
size is 4 which is 0, counter : 19
0 0 0 0 
size is 4 which is 0, counter : 20
0 0 0 0 
size is 4 which is 0, counter : 21
0 0 0 0 
size is 4 which is 0, counter : 22
0 0 0 0 
size is 4 which is 0, counter : 23
0 0 0 0 
size is 4 which is 0, counter : 24
0 0 0 0 
size is 4 which is 0, counter : 25
0 0 0 0 
size is 4 which is 0, counter : 26
0 0 0 0 
size is 4 which is 0, counter : 27
0 0 0 0 
size is 4 which is 0, counter : 28
0 0 0 0 
size is 4 which is 0, counter : 29
0 0 0 0 
size is 4 which is 0, counter : 30
0 0 0 0 
size is 4 which is 0, counter : 31
0 0 0 0 
size is 4 which is 0, counter : 32
0 0 0 0 
size is 4 which is 0, counter : 33
0 0 0 0 
size is 4 which is 0, counter : 34
0 0 0 0 
size is 4 which is 0, counter : 35
0 0 0 0 
size is 4 which is 0, counter : 36
0 0 0 0 
size is 4 which is 0, counter : 37
0 0 0 0 
size is 4 which is 0, counter : 38
0 0 0 0 
size is 4 which is 0, counter : 39
0 0 0 0 
size is 4 which is 0, counter : 40
0 0 0 0 
size is 4 which is 0, counter : 41
0 0 0 0 
size is 4 which is 0, counter : 42
0 0 0 0 
size is 4 which is 0, counter : 43
0 0 0 0 
size is 4 which is 0, counter : 44
0 0 0 0 
size is 4 which is 0, counter : 45
0 0 0 0 
size is 4 which is 0, counter : 46
0 0 0 0 
size is 4 which is 0, counter : 47
0 0 0 0 
size is 4 which is 0, counter : 48
0 0 0 0 
size is 4 which is 0, counter : 49
0 0 0 0 
size is 4 which is 0, counter : 50
0 0 0 0 
size is 4 which is 0, counter : 51
0 0 0 0 
size is 4 which is 0, counter : 52
0 0 0 0 
size is 4 which is 0, counter : 53
0 0 0 0 
size is 4 which is 0, counter : 54
0 0 0 0 
size is 4 which is 0, counter : 55
0 0 0 0 
size is 4 which is 0, counter : 56
0 0 0 0 
size is 4 which is 0, counter : 57
0 0 0 0 
size is 4 which is 0, counter : 58
0 0 0 0 
size is 4 which is 0, counter : 59
0 0 0 0 
size is 4 which is 0, counter : 60
0 0 0 0 
size is 4 which is 0, counter : 61
0 0 0 0 
size is 4 which is 0, counter : 62
0 0 0 0 
size is 4 which is 0, counter : 63
0 0 0 0 
size is 4 which is 0, counter : 64
0 0 0 0 
size is 4 which is 0, counter : 65
0 0 0 0 
size is 4 which is 0, counter : 66
0 0 0 0 
size is 4 which is 0, counter : 67
0 0 0 0 
size is 4 which is 0, counter : 68
0 0 0 0 
size is 4 which is 0, counter : 69
0 0 0 0 
size is 4 which is 0, counter : 70
0 0 0 0 
size is 4 which is 0, counter : 71
0 0 0 0 
size is 4 which is 0, counter : 72
0 0 0 0 
size is 4 which is 0, counter : 73
0 0 0 0 
size is 4 which is 0, counter : 74
0 0 0 0 
size is 4 which is 0, counter : 75
0 0 0 0 
size is 4 which is 0, counter : 76
0 0 0 0 
size is 4 which is 0, counter : 77
0 0 0 0 
size is 4 which is 0, counter : 78
0 0 0 0 
size is 4 which is 0, counter : 79
0 0 0 0 
size is 4 which is 0, counter : 80
0 0 0 0 
size is 4 which is 0, counter : 81
0 0 0 0 
size is 4 which is 0, counter : 82
0 0 0 0 
size is 4 which is 0, counter : 83
0 0 0 0 
size is 4 which is 0, counter : 84
0 0 0 0 
size is 4 which is 0, counter : 85
0 0 0 0 
size is 4 which is 0, counter : 86
0 0 0 0 
size is 4 which is 0, counter : 87
0 0 0 0 
size is 4 which is 0, counter : 88
0 0 0 0 
size is 4 which is 0, counter : 89
0 0 0 0 
size is 4 which is 0, counter : 90
0 0 0 0 
size is 4 which is 0, counter : 91
0 0 0 0 
size is 4 which is 0, counter : 92
0 0 0 0 
size is 4 which is 0, counter : 93
0 0 0 0 
size is 4 which is 0, counter : 94
0 0 0 0 
size is 4 which is 0, counter : 95
0 0 0 0 
size is 4 which is 0, counter : 96
0 0 0 0 
size is 4 which is 0, counter : 97
0 0 0 0 
size is 4 which is 0, counter : 98
0 0 0 0 
size is 4 which is 0, counter : 99
0 0 0 0 
size is 4 which is 0, counter : 100
0 0 0 0 
size is 4 which is 0, counter : 101
0 0 0 0 
size is 4 which is 0, counter : 102
0 0 0 0 
size is 4 which is 0, counter : 103
0 0 0 0 
size is 4 which is 0, counter : 104
0 0 0 0 
size is 4 which is 0, counter : 105
0 0 0 0 
size is 4 which is 0, counter : 106
0 0 0 0 
size is 4 which is 0, counter : 107
0 0 0 0 
size is 4 which is 0, counter : 108
0 0 0 0 
size is 4 which is 0, counter : 109
0 0 0 0 
size is 4 which is 0, counter : 110
0 0 0 0 
size is 4 which is 0, counter : 111
0 0 0 0 
size is 4 which is 0, counter : 112
0 0 0 0 
size is 4 which is 0, counter : 113
0 0 0 0 
size is 4 which is 0, counter : 114
0 0 0 0 
size is 4 which is 0, counter : 115
0 0 0 0 
size is 4 which is 0, counter : 116
0 0 0 0 
size is 4 which is 0, counter : 117
0 0 0 0 
size is 4 which is 0, counter : 118
0 0 0 0 
size is 4 which is 0, counter : 119
0 0 0 0 
size is 4 which is 0, counter : 120
0 0 0 0 
size is 4 which is 0, counter : 121
0 0 0 0 
size is 4 which is 0, counter : 122
0 0 0 0 
size is 4 which is 0, counter : 123
0 0 0 0 
size is 4 which is 0, counter : 124
0 0 0 0 
size is 4 which is 0, counter : 125
0 0 0 0 
size is 4 which is 0, counter : 126
0 0 0 0 
size is 4 which is 0, counter : 127
0 0 0 0 
size is 4 which is 0, counter : 128
0 0 0 0 
size is 4 which is 0, counter : 129
0 0 0 0 
size is 4 which is 0, counter : 130
0 0 0 0 
size is 4 which is 0, counter : 131
0 0 0 0 
size is 4 which is 837, counter : 132
0 0 3 45 
Data: Fair use and fair dealing laws provide that certain uses of copyrighted material are not infringing, even if they are done without the permission of the copyright holder. Fair use laws favor uses that transform the meaning or purpose of an underlying work, that are distributed noncommercially, that use limited amounts of the underlying work, and that do not compete with the underlying work in the market. Fair dealing laws also favor transformative uses such as parody, commentary, criticism, and noncommercial user-generated content. The OTW stands for the proposition that transformative, noncommercial fanworks are fair use. OTW’s Legal advocacy project works to make sure that stays true, and to make sure that governments around the world recognize the value of fair use and fair dealing in making and interpreting their laws.

buffer is 0x022.txt
filename: 1.txt
content: Fair use and fair dealing laws provide that certain uses of copyrighted material are not infringing, even if they are done without the permission of the copyright holder. Fair use laws favor uses that transform the meaning or purpose of an underlying work, that are distributed noncommercially, that use limited amounts of the underlying work, and that do not compete with the underlying work in the market. Fair dealing laws also favor transformative uses such as parody, commentary, criticism, and noncommercial user-generated content. The OTW stands for the proposition that transformative, noncommercial fanworks are fair use. OTW’s Legal advocacy project works to make sure that stays true, and to make sure that governments around the world recognize the value of fair use and fair dealing in making and interpreting their laws.

md5: 8c750769a6b9ec4fbcfab941f8d601bb

size is 4 which is 0, counter : 1
0 0 0 0 
size is 4 which is 0, counter : 2
0 0 0 0 
size is 4 which is 0, counter : 3
0 0 0 0 
size is 4 which is 0, counter : 4
0 0 0 0 
size is 4 which is 0, counter : 5
0 0 0 0 
size is 4 which is 0, counter : 6
0 0 0 0 
size is 4 which is 0, counter : 7
0 0 0 0 
size is 4 which is 0, counter : 8
0 0 0 0 
size is 4 which is 0, counter : 9
0 0 0 0 
size is 4 which is 0, counter : 10
0 0 0 0 
size is 4 which is 0, counter : 11
0 0 0 0 
size is 4 which is 0, counter : 12
0 0 0 0 
size is 4 which is 0, counter : 13
0 0 0 0 
size is 4 which is 0, counter : 14
0 0 0 0 
size is 4 which is 0, counter : 15
0 0 0 0 
size is 4 which is 0, counter : 16
0 0 0 0 
size is 4 which is 0, counter : 17
0 0 0 0 
size is 4 which is 0, counter : 18
0 0 0 0 
size is 4 which is 0, counter : 19
0 0 0 0 
size is 4 which is 0, counter : 20
0 0 0 0 
size is 4 which is 0, counter : 21
0 0 0 0 
size is 4 which is 0, counter : 22
0 0 0 0 
size is 4 which is 0, counter : 23
0 0 0 0 
size is 4 which is 0, counter : 24
0 0 0 0 
size is 4 which is 0, counter : 25
0 0 0 0 
size is 4 which is 0, counter : 26
0 0 0 0 
size is 4 which is 0, counter : 27
0 0 0 0 
size is 4 which is 0, counter : 28
0 0 0 0 
size is 4 which is 0, counter : 29
0 0 0 0 
size is 4 which is 0, counter : 30
0 0 0 0 
size is 4 which is 0, counter : 31
0 0 0 0 
size is 4 which is 0, counter : 32
0 0 0 0 
size is 4 which is 0, counter : 33
0 0 0 0 
size is 4 which is 0, counter : 34
0 0 0 0 
size is 4 which is 0, counter : 35
0 0 0 0 
size is 4 which is 0, counter : 36
0 0 0 0 
size is 4 which is 0, counter : 37
0 0 0 0 
size is 4 which is 0, counter : 38
0 0 0 0 
size is 4 which is 0, counter : 39
0 0 0 0 
size is 4 which is 0, counter : 40
0 0 0 0 
size is 4 which is 0, counter : 41
0 0 0 0 
size is 4 which is 0, counter : 42
0 0 0 0 
size is 4 which is 0, counter : 43
0 0 0 0 
size is 4 which is 0, counter : 44
0 0 0 0 
size is 4 which is 0, counter : 45
0 0 0 0 
size is 4 which is 0, counter : 46
0 0 0 0 
size is 4 which is 0, counter : 47
0 0 0 0 
size is 4 which is 0, counter : 48
0 0 0 0 
size is 4 which is 0, counter : 49
0 0 0 0 
size is 4 which is 0, counter : 50
0 0 0 0 
size is 4 which is 0, counter : 51
0 0 0 0 
size is 4 which is 0, counter : 52
0 0 0 0 
size is 4 which is 0, counter : 53
0 0 0 0 
size is 4 which is 0, counter : 54
0 0 0 0 
size is 4 which is 0, counter : 55
0 0 0 0 
size is 4 which is 0, counter : 56
0 0 0 0 
size is 4 which is 0, counter : 57
0 0 0 0 
size is 4 which is 0, counter : 58
0 0 0 0 
size is 4 which is 0, counter : 59
0 0 0 0 
size is 4 which is 0, counter : 60
0 0 0 0 
size is 4 which is 0, counter : 61
0 0 0 0 
size is 4 which is 0, counter : 62
0 0 0 0 
size is 4 which is 0, counter : 63
0 0 0 0 
size is 4 which is 0, counter : 64
0 0 0 0 
size is 4 which is 0, counter : 65
0 0 0 0 
size is 4 which is 0, counter : 66
0 0 0 0 
size is 4 which is 0, counter : 67
0 0 0 0 
size is 4 which is 0, counter : 68
0 0 0 0 
size is 4 which is 0, counter : 69
0 0 0 0 
size is 4 which is 0, counter : 70
0 0 0 0 
size is 4 which is 0, counter : 71
0 0 0 0 
size is 4 which is 0, counter : 72
0 0 0 0 
size is 4 which is 0, counter : 73
0 0 0 0 
size is 4 which is 0, counter : 74
0 0 0 0 
size is 4 which is 0, counter : 75
0 0 0 0 
size is 4 which is 0, counter : 76
0 0 0 0 
size is 4 which is 0, counter : 77
0 0 0 0 
size is 4 which is 0, counter : 78
0 0 0 0 
size is 4 which is 0, counter : 79
0 0 0 0 
size is 4 which is 0, counter : 80
0 0 0 0 
size is 4 which is 0, counter : 81
0 0 0 0 
size is 4 which is 0, counter : 82
0 0 0 0 
size is 4 which is 0, counter : 83
0 0 0 0 
size is 4 which is 0, counter : 84
0 0 0 0 
size is 4 which is 0, counter : 85
0 0 0 0 
size is 4 which is 0, counter : 86
0 0 0 0 
size is 4 which is 0, counter : 87
0 0 0 0 
size is 4 which is 0, counter : 88
0 0 0 0 
size is 4 which is 0, counter : 89
0 0 0 0 
size is 4 which is 0, counter : 90
0 0 0 0 
size is 4 which is 0, counter : 91
0 0 0 0 
size is 4 which is 0, counter : 92
0 0 0 0 
size is 4 which is 0, counter : 93
0 0 0 0 
size is 4 which is 0, counter : 94
0 0 0 0 
size is 4 which is 0, counter : 95
0 0 0 0 
size is 4 which is 0, counter : 96
0 0 0 0 
size is 4 which is 0, counter : 97
0 0 0 0 
size is 4 which is 0, counter : 98
0 0 0 0 
size is 4 which is 0, counter : 99
0 0 0 0 
size is 4 which is 0, counter : 100
0 0 0 0 
size is 4 which is 0, counter : 101
0 0 0 0 
size is 4 which is 0, counter : 102
0 0 0 0 
size is 4 which is 0, counter : 103
0 0 0 0 
size is 4 which is 0, counter : 104
0 0 0 0 
size is 4 which is 0, counter : 105
0 0 0 0 
size is 4 which is 0, counter : 106
0 0 0 0 
size is 4 which is 0, counter : 107
0 0 0 0 
size is 4 which is 0, counter : 108
0 0 0 0 
size is 4 which is 0, counter : 109
0 0 0 0 
size is 4 which is 0, counter : 110
0 0 0 0 
size is 4 which is 0, counter : 111
0 0 0 0 
size is 4 which is 0, counter : 112
0 0 0 0 
size is 4 which is 0, counter : 113
0 0 0 0 
size is 4 which is 0, counter : 114
0 0 0 0 
size is 4 which is 0, counter : 115
0 0 0 0 
size is 4 which is 0, counter : 116
0 0 0 0 
size is 4 which is 0, counter : 117
0 0 0 0 
size is 4 which is 0, counter : 118
0 0 0 0 
size is 4 which is 0, counter : 119
0 0 0 0 
size is 4 which is 0, counter : 120
0 0 0 0 
size is 4 which is 0, counter : 121
0 0 0 0 
size is 4 which is 0, counter : 122
0 0 0 0 
size is 4 which is 0, counter : 123
0 0 0 0 
size is 4 which is 0, counter : 124
0 0 0 0 
size is 4 which is 0, counter : 125
0 0 0 0 
size is 4 which is 0, counter : 126
0 0 0 0 
size is 4 which is 0, counter : 127
0 0 0 0 
size is 4 which is 0, counter : 128
0 0 0 0 
size is 4 which is 0, counter : 129
0 0 0 0 
size is 4 which is 0, counter : 130
0 0 0 0 
size is 4 which is 0, counter : 131
0 0 0 0 
size is 4 which is 1675, counter : 132
0 0 6 8b 
Data: Fair use and fair dealing laws provide that certain uses of copyrighted material are not infringing, even if they are done without the permission of the copyright holder. Fair use laws favor uses that transform the meaning or purpose of an underlying work, that are distributed noncommercially, that use limited amounts of the underlying work, and that do not compete with the underlying work in the market. Fair dealing laws also favor transformative uses such as parody, commentary, criticism, and noncommercial user-generated content. The OTW stands for the proposition that transformative, noncommercial fanworks are fair use. OTW’s Legal advocacy project works to make sure that stays true, and to make sure that governments around the world recognize the value of fair use and fair dealing in making and interpreting their laws.
Fair use and fair dealing laws provide that certain uses of copyrighted material are not infringing, even if they are done without the permission of the copyright holder. Fair use laws favor uses that transform the meaning or purpose of an underlying work, that are distributed noncommercially, that use limited amounts of the underlying work, and that do not compete with the underlying work in the market. Fair dealing laws also favor transformative uses such as parody, commentary, criticism, and noncommercial user-generated content. The OTW stands for the proposition that transformative, noncommercial fanworks are fair use. OTW’s Legal advocacy project works to make sure that stays true, and to make sure that governments around the world recognize the value of fair use and fair dealing in making and interpreting their laws.


buffer is 0x00
buffer is 
buffer is 
buffer is 0x023.txt
filename: 1.txt
content: Fair use and fair dealing laws provide that certain uses of copyrighted material are not infringing, even if they are done without the permission of the copyright holder. Fair use laws favor uses that transform the meaning or purpose of an underlying work, that are distributed noncommercially, that use limited amounts of the underlying work, and that do not compete with the underlying work in the market. Fair dealing laws also favor transformative uses such as parody, commentary, criticism, and noncommercial user-generated content. The OTW stands for the proposition that transformative, noncommercial fanworks are fair use. OTW’s Legal advocacy project works to make sure that stays true, and to make sure that governments around the world recognize the value of fair use and fair dealing in making and interpreting their laws.

md5: 8c750769a6b9ec4fbcfab941f8d601bb

filename: 2.txt
content: Fair use and fair dealing laws provide that certain uses of copyrighted material are not infringing, even if they are done without the permission of the copyright holder. Fair use laws favor uses that transform the meaning or purpose of an underlying work, that are distributed noncommercially, that use limited amounts of the underlying work, and that do not compete with the underlying work in the market. Fair dealing laws also favor transformative uses such as parody, commentary, criticism, and noncommercial user-generated content. The OTW stands for the proposition that transformative, noncommercial fanworks are fair use. OTW’s Legal advocacy project works to make sure that stays true, and to make sure that governments around the world recognize the value of fair use and fair dealing in making and interpreting their laws.
Fair use and fair dealing laws provide that certain uses of copyrighted material are not infringing, even if they are done without the permission of the copyright holder. Fair use laws favor uses that transform the meaning or purpose of an underlying work, that are distributed noncommercially, that use limited amounts of the underlying work, and that do not compete with the underlying work in the market. Fair dealing laws also favor transformative uses such as parody, commentary, criticism, and noncommercial user-generated content. The OTW stands for the proposition that transformative, noncommercial fanworks are fair use. OTW’s Legal advocacy project works to make sure that stays true, and to make sure that governments around the world recognize the value of fair use and fair dealing in making and interpreting their laws.


md5: bccbe11549fa7efe48e14d186287208a

size is 4 which is 0, counter : 1
0 0 0 0 
size is 4 which is 0, counter : 2
0 0 0 0 
size is 4 which is 0, counter : 3
0 0 0 0 
size is 4 which is 0, counter : 4
0 0 0 0 
size is 4 which is 0, counter : 5
0 0 0 0 
size is 4 which is 0, counter : 6
0 0 0 0 
size is 4 which is 0, counter : 7
0 0 0 0 
size is 4 which is 0, counter : 8
0 0 0 0 
size is 4 which is 0, counter : 9
0 0 0 0 
size is 4 which is 0, counter : 10
0 0 0 0 
size is 4 which is 0, counter : 11
0 0 0 0 
size is 4 which is 0, counter : 12
0 0 0 0 
size is 4 which is 0, counter : 13
0 0 0 0 
size is 4 which is 0, counter : 14
0 0 0 0 
size is 4 which is 0, counter : 15
0 0 0 0 
size is 4 which is 0, counter : 16
0 0 0 0 
size is 4 which is 0, counter : 17
0 0 0 0 
size is 4 which is 0, counter : 18
0 0 0 0 
size is 4 which is 0, counter : 19
0 0 0 0 
size is 4 which is 0, counter : 20
0 0 0 0 
size is 4 which is 0, counter : 21
0 0 0 0 
size is 4 which is 0, counter : 22
0 0 0 0 
size is 4 which is 0, counter : 23
0 0 0 0 
size is 4 which is 0, counter : 24
0 0 0 0 
size is 4 which is 0, counter : 25
0 0 0 0 
size is 4 which is 0, counter : 26
0 0 0 0 
size is 4 which is 0, counter : 27
0 0 0 0 
size is 4 which is 0, counter : 28
0 0 0 0 
size is 4 which is 0, counter : 29
0 0 0 0 
size is 4 which is 0, counter : 30
0 0 0 0 
size is 4 which is 0, counter : 31
0 0 0 0 
size is 4 which is 0, counter : 32
0 0 0 0 
size is 4 which is 0, counter : 33
0 0 0 0 
size is 4 which is 0, counter : 34
0 0 0 0 
size is 4 which is 0, counter : 35
0 0 0 0 
size is 4 which is 0, counter : 36
0 0 0 0 
size is 4 which is 0, counter : 37
0 0 0 0 
size is 4 which is 0, counter : 38
0 0 0 0 
size is 4 which is 0, counter : 39
0 0 0 0 
size is 4 which is 0, counter : 40
0 0 0 0 
size is 4 which is 0, counter : 41
0 0 0 0 
size is 4 which is 0, counter : 42
0 0 0 0 
size is 4 which is 0, counter : 43
0 0 0 0 
size is 4 which is 0, counter : 44
0 0 0 0 
size is 4 which is 0, counter : 45
0 0 0 0 
size is 4 which is 0, counter : 46
0 0 0 0 
size is 4 which is 0, counter : 47
0 0 0 0 
size is 4 which is 0, counter : 48
0 0 0 0 
size is 4 which is 0, counter : 49
0 0 0 0 
size is 4 which is 0, counter : 50
0 0 0 0 
size is 4 which is 0, counter : 51
0 0 0 0 
size is 4 which is 0, counter : 52
0 0 0 0 
size is 4 which is 0, counter : 53
0 0 0 0 
size is 4 which is 0, counter : 54
0 0 0 0 
size is 4 which is 0, counter : 55
0 0 0 0 
size is 4 which is 0, counter : 56
0 0 0 0 
size is 4 which is 0, counter : 57
0 0 0 0 
size is 4 which is 0, counter : 58
0 0 0 0 
size is 4 which is 0, counter : 59
0 0 0 0 
size is 4 which is 0, counter : 60
0 0 0 0 
size is 4 which is 0, counter : 61
0 0 0 0 
size is 4 which is 0, counter : 62
0 0 0 0 
size is 4 which is 0, counter : 63
0 0 0 0 
size is 4 which is 0, counter : 64
0 0 0 0 
size is 4 which is 0, counter : 65
0 0 0 0 
size is 4 which is 0, counter : 66
0 0 0 0 
size is 4 which is 0, counter : 67
0 0 0 0 
size is 4 which is 0, counter : 68
0 0 0 0 
size is 4 which is 0, counter : 69
0 0 0 0 
size is 4 which is 0, counter : 70
0 0 0 0 
size is 4 which is 0, counter : 71
0 0 0 0 
size is 4 which is 0, counter : 72
0 0 0 0 
size is 4 which is 0, counter : 73
0 0 0 0 
size is 4 which is 0, counter : 74
0 0 0 0 
size is 4 which is 0, counter : 75
0 0 0 0 
size is 4 which is 0, counter : 76
0 0 0 0 
size is 4 which is 0, counter : 77
0 0 0 0 
size is 4 which is 0, counter : 78
0 0 0 0 
size is 4 which is 0, counter : 79
0 0 0 0 
size is 4 which is 0, counter : 80
0 0 0 0 
size is 4 which is 0, counter : 81
0 0 0 0 
size is 4 which is 0, counter : 82
0 0 0 0 
size is 4 which is 0, counter : 83
0 0 0 0 
size is 4 which is 0, counter : 84
0 0 0 0 
size is 4 which is 0, counter : 85
0 0 0 0 
size is 4 which is 0, counter : 86
0 0 0 0 
size is 4 which is 0, counter : 87
0 0 0 0 
size is 4 which is 0, counter : 88
0 0 0 0 
size is 4 which is 0, counter : 89
0 0 0 0 
size is 4 which is 0, counter : 90
0 0 0 0 
size is 4 which is 0, counter : 91
0 0 0 0 
size is 4 which is 0, counter : 92
0 0 0 0 
size is 4 which is 0, counter : 93
0 0 0 0 
size is 4 which is 0, counter : 94
0 0 0 0 
size is 4 which is 0, counter : 95
0 0 0 0 
size is 4 which is 0, counter : 96
0 0 0 0 
size is 4 which is 0, counter : 97
0 0 0 0 
size is 4 which is 0, counter : 98
0 0 0 0 
size is 4 which is 0, counter : 99
0 0 0 0 
size is 4 which is 0, counter : 100
0 0 0 0 
size is 4 which is 0, counter : 101
0 0 0 0 
size is 4 which is 0, counter : 102
0 0 0 0 
size is 4 which is 0, counter : 103
0 0 0 0 
size is 4 which is 0, counter : 104
0 0 0 0 
size is 4 which is 0, counter : 105
0 0 0 0 
size is 4 which is 0, counter : 106
0 0 0 0 
size is 4 which is 0, counter : 107
0 0 0 0 
size is 4 which is 0, counter : 108
0 0 0 0 
size is 4 which is 0, counter : 109
0 0 0 0 
size is 4 which is 0, counter : 110
0 0 0 0 
size is 4 which is 0, counter : 111
0 0 0 0 
size is 4 which is 0, counter : 112
0 0 0 0 
size is 4 which is 0, counter : 113
0 0 0 0 
size is 4 which is 0, counter : 114
0 0 0 0 
size is 4 which is 0, counter : 115
0 0 0 0 
size is 4 which is 0, counter : 116
0 0 0 0 
size is 4 which is 0, counter : 117
0 0 0 0 
size is 4 which is 0, counter : 118
0 0 0 0 
size is 4 which is 0, counter : 119
0 0 0 0 
size is 4 which is 0, counter : 120
0 0 0 0 
size is 4 which is 0, counter : 121
0 0 0 0 
size is 4 which is 0, counter : 122
0 0 0 0 
size is 4 which is 0, counter : 123
0 0 0 0 
size is 4 which is 0, counter : 124
0 0 0 0 
size is 4 which is 0, counter : 125
0 0 0 0 
size is 4 which is 0, counter : 126
0 0 0 0 
size is 4 which is 0, counter : 127
0 0 0 0 
size is 4 which is 0, counter : 128
0 0 0 0 
size is 4 which is 0, counter : 129
0 0 0 0 
size is 4 which is 0, counter : 130
0 0 0 0 
size is 4 which is 0, counter : 131
0 0 0 0 
size is 4 which is 862, counter : 132
0 0 3 5e 
Data: "One paperclip, two inches long. Three rubber bands – green, yellow, blue. Blue was the thickest. One ballpoint pen, black ink, half-full. One yellow Snapple bottle lid."

"What was the quote inside the lid?"

"Trick question. It was face-up." Will smiles. "One red crayon."

"Which red?"

"I…" Will's eyes meet and hold those of his son, the whiskey-brown of his father's irises blinking back at him. They narrow under a set of dark eyebrows, and Adam huffs, looks down at the cloth-covered tray, and closes his eyes. "I don't remember."

"That's okay," Will replies. "You got everything else right."

Adam shakes his head, runs his fingers through the mop of light brown hair that had fallen across his forehead, and rolls his shoulders forward with another frustrated huff. He straightens and glares down at the tray of items as Will uncovers them again.

buffer is 0x08
