new_fd=4
3
ready list
3
add new node
add new node
add new node
new_fd=-1777114904
3
ready list
3
ready update
1.txt
3
new_fd=-1777114904
4
ready delete
1.txt
4
ready list
3
ready update
4.txt
3
556
"Sunset Orange," he says, reading the name on the crayon, and Will nods. Adam's jaw flexes and Will's attention is drawn as they hear a grunt to his left, and Adam's right. He turns, watching as Hannibal spars with their middle child, Shannon. She's the shortest of their three children, even though Adam isn't yet sixteen, and her hair falls in wild waves down her back – she doesn't tie it back when she spars with her father. Hannibal has always insisted that she train to fight when at her most physically vulnerable. That means potential handholds.
update end
ready list
4
ready download
4.txt
in download
4
4.txt
"Sunset Orange," he says, reading the name on the crayon, and Will nods. Adam's jaw flexes and Will's attention is drawn as they hear a grunt to his left, and Adam's right. He turns, watching as Hannibal spars with their middle child, Shannon. She's the shortest of their three children, even though Adam isn't yet sixteen, and her hair falls in wild waves down her back – she doesn't tie it back when she spars with her father. Hannibal has always insisted that she train to fight when at her most physically vulnerable. That means potential handholds.
0 0 2 2b 
555
+
ready list
4
add new node
add new node
add new node
duplicate file!
